<?xml version="1.0" encoding="UTF-8"?>
<testng-results ignored="0" total="1" passed="1" failed="0" skipped="0">
  <reporter-output>
  </reporter-output>
  <suite started-at="2024-01-24T23:27:04 BDT" name="Default suite" finished-at="2024-01-24T23:27:19 BDT" duration-ms="15041">
    <groups>
    </groups>
    <test started-at="2024-01-24T23:27:04 BDT" name="Default test" finished-at="2024-01-24T23:27:19 BDT" duration-ms="15041">
      <class name="testCase.ConsultancyMenu">
        <test-method signature="myConsultancy()[pri:0, instance:testCase.ConsultancyMenu@61001b64]" started-at="2024-01-24T23:27:04 BDT" name="myConsultancy" finished-at="2024-01-24T23:27:19 BDT" duration-ms="14978" status="PASS">
          <reporter-output>
          </reporter-output>
        </test-method> <!-- myConsultancy -->
      </class> <!-- testCase.ConsultancyMenu -->
    </test> <!-- Default test -->
  </suite> <!-- Default suite -->
</testng-results>
